platforms/android/app/build/outputs/logs/manifest-merger-F0-F1-F2-F3-release-report.txt
-- Merging decision tree log ---
manifest
ADDED from src\main\AndroidManifest.xml:2:1-45:12
	package
		ADDED from src\main\AndroidManifest.xml:3:2-44
		INJECTED from src\main\AndroidManifest.xml
		INJECTED from src\F0\AndroidManifest.xml
	android:versionName
		ADDED from src\main\AndroidManifest.xml:5:2-27
		INJECTED from src\main\AndroidManifest.xml
		ADDED from src\main\AndroidManifest.xml:5:2-27
		INJECTED from src\F0\AndroidManifest.xml
	android:versionCode
		ADDED from src\main\AndroidManifest.xml:4:2-29
		INJECTED from src\main\AndroidManifest.xml
		ADDED from src\main\AndroidManifest.xml:4:2-29
		INJECTED from src\F0\AndroidManifest.xml
	xmlns:android
		ADDED from src\main\AndroidManifest.xml:2:11-69
supports-screens
ADDED from src\main\AndroidManifest.xml:7:2-11:33
	android:largeScreens
		ADDED from src\main\AndroidManifest.xml:10:3-30
	android:smallScreens
		ADDED from src\main\AndroidManifest.xml:8:3-30
	android:normalScreens
		ADDED from src\main\AndroidManifest.xml:9:3-31
	android:xlargeScreens
		ADDED from src\main\AndroidManifest.xml:11:3-31
uses-sdk
ADDED from src\main\AndroidManifest.xml:13:2-15:34
MERGED from [com.google.android.gms:play-services-location:11.2.2] AndroidManifest.xml:3:5-43
MERGED from [com.google.android.gms:play-services-maps:11.2.2] AndroidManifest.xml:23:5-43
MERGED from [com.google.android.gms:play-services-base:11.2.2] AndroidManifest.xml:17:5-43
MERGED from [com.google.android.gms:play-services-tasks:11.2.2] AndroidManifest.xml:3:5-43
MERGED from [com.google.android.gms:play-services-basement:11.2.2] AndroidManifest.xml:17:5-43
MERGED from [com.android.support:design:26.0.0-alpha1] AndroidManifest.xml:21:5-23:62
MERGED from [com.android.support:appcompat-v7:26.0.0-alpha1] AndroidManifest.xml:21:5-23:78
MERGED from [com.android.support:animated-vector-drawable:26.0.0-alpha1] AndroidManifest.xml:20:5-44
MERGED from [com.android.support:support-vector-drawable:26.0.0-alpha1] AndroidManifest.xml:20:5-44
MERGED from [com.android.support:recyclerview-v7:26.0.0-alpha1] AndroidManifest.xml:20:5-44
MERGED from [com.android.support:transition:26.0.0-alpha1] AndroidManifest.xml:20:5-44
MERGED from [com.android.support:support-v4:26.0.0-alpha1] AndroidManifest.xml:21:5-23:54
MERGED from [com.android.support:support-media-compat:26.0.0-alpha1] AndroidManifest.xml:21:5-23:63
MERGED from [com.android.support:support-fragment:26.0.0-alpha1] AndroidManifest.xml:21:5-23:60
MERGED from [com.android.support:support-core-ui:26.0.0-alpha1] AndroidManifest.xml:21:5-23:58
MERGED from [com.android.support:support-core-utils:26.0.0-alpha1] AndroidManifest.xml:21:5-23:61
MERGED from [com.android.support:support-compat:26.0.0-alpha1] AndroidManifest.xml:21:5-23:58
MERGED from [:nativescript-optimized:] AndroidManifest.xml:7:5-9:41
MERGED from [:Chart-2017.1.1221-dev-release:] AndroidManifest.xml:7:5-9:41
MERGED from [:Common-2017.1.1221-dev-release:] AndroidManifest.xml:7:5-9:41
MERGED from [:Data-2017.1.1221-dev-release:] AndroidManifest.xml:7:5-9:41
MERGED from [:Feedback-2017.1.1221-dev-release:] AndroidManifest.xml:7:5-9:41
MERGED from [:Gauges-2017.1.1221-dev-release:] AndroidManifest.xml:7:5-9:41
MERGED from [:Input-2017.1.1221-dev-release:] AndroidManifest.xml:7:5-9:41
MERGED from [:List-2017.1.1221-dev-release:] AndroidManifest.xml:7:5-9:41
MERGED from [:Primitives-2017.1.1221-dev-release:] AndroidManifest.xml:7:5-9:41
MERGED from [:widgets-release:] AndroidManifest.xml:7:5-9:41
	tools:overrideLibrary
		ADDED from [com.android.support:design:26.0.0-alpha1] AndroidManifest.xml:23:9-59
	android:targetSdkVersion
		ADDED from src\main\AndroidManifest.xml:15:3-32
		INJECTED from src\main\AndroidManifest.xml
		INJECTED from src\F0\AndroidManifest.xml
	android:minSdkVersion
		ADDED from src\main\AndroidManifest.xml:14:3-29
		INJECTED from src\main\AndroidManifest.xml
		INJECTED from src\F0\AndroidManifest.xml
uses-permission#android.permission.READ_EXTERNAL_STORAGE
ADDED from src\main\AndroidManifest.xml:17:2-76
	android:name
		ADDED from src\main\AndroidManifest.xml:17:19-74
uses-permission#android.permission.WRITE_EXTERNAL_STORAGE
ADDED from src\main\AndroidManifest.xml:18:2-77
	android:name
		ADDED from src\main\AndroidManifest.xml:18:19-75
uses-permission#android.permission.INTERNET
ADDED from src\main\AndroidManifest.xml:19:2-63
MERGED from [com.google.android.gms:play-services-maps:11.2.2] AndroidManifest.xml:20:5-66
	android:name
		ADDED from src\main\AndroidManifest.xml:19:19-61
uses-permission#android.permission.ACCESS_FINE_LOCATION
ADDED from src\main\AndroidManifest.xml:20:2-75
MERGED from src\main\AndroidManifest.xml:20:2-75
	android:name
		ADDED from src\main\AndroidManifest.xml:20:19-73
application
ADDED from src\main\AndroidManifest.xml:23:2-44:16
MERGED from src\F2\AndroidManifest.xml:6:5-10:19
MERGED from src\main\AndroidManifest.xml:23:2-44:16
MERGED from [com.google.android.gms:play-services-location:11.2.2] AndroidManifest.xml:4:5-19
MERGED from [com.google.android.gms:play-services-maps:11.2.2] AndroidManifest.xml:24:5-19
MERGED from [com.google.android.gms:play-services-base:11.2.2] AndroidManifest.xml:18:5-20:19
MERGED from [com.google.android.gms:play-services-tasks:11.2.2] AndroidManifest.xml:4:5-19
MERGED from [com.google.android.gms:play-services-basement:11.2.2] AndroidManifest.xml:19:5-21:19
MERGED from [com.android.support:design:26.0.0-alpha1] AndroidManifest.xml:29:5-20
MERGED from [com.android.support:appcompat-v7:26.0.0-alpha1] AndroidManifest.xml:29:5-20
MERGED from [com.android.support:animated-vector-drawable:26.0.0-alpha1] AndroidManifest.xml:26:5-20
MERGED from [com.android.support:support-vector-drawable:26.0.0-alpha1] AndroidManifest.xml:26:5-20
MERGED from [com.android.support:transition:26.0.0-alpha1] AndroidManifest.xml:26:5-20
MERGED from [com.android.support:support-v4:26.0.0-alpha1] AndroidManifest.xml:29:5-20
MERGED from [com.android.support:support-media-compat:26.0.0-alpha1] AndroidManifest.xml:29:5-20
MERGED from [com.android.support:support-fragment:26.0.0-alpha1] AndroidManifest.xml:29:5-20
MERGED from [com.android.support:support-core-ui:26.0.0-alpha1] AndroidManifest.xml:29:5-20
MERGED from [com.android.support:support-core-utils:26.0.0-alpha1] AndroidManifest.xml:29:5-20
MERGED from [com.android.support:support-compat:26.0.0-alpha1] AndroidManifest.xml:29:5-20
MERGED from [:Chart-2017.1.1221-dev-release:] AndroidManifest.xml:11:5-12:19
MERGED from [:Common-2017.1.1221-dev-release:] AndroidManifest.xml:11:5-12:19
MERGED from [:Data-2017.1.1221-dev-release:] AndroidManifest.xml:11:5-12:19
MERGED from [:Feedback-2017.1.1221-dev-release:] AndroidManifest.xml:11:5-32:19
MERGED from [:Gauges-2017.1.1221-dev-release:] AndroidManifest.xml:11:5-12:19
MERGED from [:Input-2017.1.1221-dev-release:] AndroidManifest.xml:11:5-12:19
MERGED from [:List-2017.1.1221-dev-release:] AndroidManifest.xml:11:5-12:19
MERGED from [:Primitives-2017.1.1221-dev-release:] AndroidManifest.xml:11:5-12:19
MERGED from [:widgets-release:] AndroidManifest.xml:11:5-12:19
	android:label
		ADDED from src\main\AndroidManifest.xml:27:3-35
		ADDED from src\main\AndroidManifest.xml:27:3-35
	android:allowBackup
		ADDED from src\main\AndroidManifest.xml:25:3-29
		ADDED from src\main\AndroidManifest.xml:25:3-29
	android:icon
		ADDED from src\main\AndroidManifest.xml:26:3-32
		ADDED from src\main\AndroidManifest.xml:26:3-32
	android:theme
		ADDED from src\main\AndroidManifest.xml:28:3-34
		ADDED from src\main\AndroidManifest.xml:28:3-34
	android:name
		ADDED from src\main\AndroidManifest.xml:24:3-49
		ADDED from src\main\AndroidManifest.xml:24:3-49
activity#com.tns.NativeScriptActivity
ADDED from src\main\AndroidManifest.xml:30:3-42:14
	android:label
		ADDED from src\main\AndroidManifest.xml:32:4-49
	android:configChanges
		ADDED from src\main\AndroidManifest.xml:33:4-65
	android:theme
		ADDED from src\main\AndroidManifest.xml:34:4-44
	android:name
		ADDED from src\main\AndroidManifest.xml:31:4-47
meta-data#SET_THEME_ON_LAUNCH
ADDED from src\main\AndroidManifest.xml:36:4-87
	android:resource
		ADDED from src\main\AndroidManifest.xml:36:50-84
	android:name
		ADDED from src\main\AndroidManifest.xml:36:15-49
intent-filter#android.intent.action.MAIN+android.intent.category.LAUNCHER
ADDED from src\main\AndroidManifest.xml:38:4-41:20
action#android.intent.action.MAIN
ADDED from src\main\AndroidManifest.xml:39:5-57
	android:name
		ADDED from src\main\AndroidManifest.xml:39:13-54
category#android.intent.category.LAUNCHER
ADDED from src\main\AndroidManifest.xml:40:5-65
	android:name
		ADDED from src\main\AndroidManifest.xml:40:15-62
activity#com.tns.ErrorReportActivity
ADDED from src\main\AndroidManifest.xml:43:3-57
	android:name
		ADDED from src\main\AndroidManifest.xml:43:13-55
uses-permission#android.permission.ACCESS_NETWORK_STATE
ADDED from src\F2\AndroidManifest.xml:3:5-78
MERGED from [com.google.android.gms:play-services-maps:11.2.2] AndroidManifest.xml:19:5-78
	android:name
		ADDED from src\F2\AndroidManifest.xml:3:22-76
uses-permission#com.google.android.providers.gsf.permission.READ_GSERVICES
ADDED from src\F2\AndroidManifest.xml:4:5-97
	android:name
		ADDED from src\F2\AndroidManifest.xml:4:22-95
meta-data#com.google.android.geo.API_KEY
ADDED from src\F2\AndroidManifest.xml:7:9-9:72
	android:value
		ADDED from src\F2\AndroidManifest.xml:9:13-69
	android:name
		ADDED from src\F2\AndroidManifest.xml:8:13-58
uses-feature#0x00020000
ADDED from [com.google.android.gms:play-services-maps:11.2.2] AndroidManifest.xml:21:5-77
	android:glEsVersion
		ADDED from [com.google.android.gms:play-services-maps:11.2.2] AndroidManifest.xml:21:19-51
	android:required
		ADDED from [com.google.android.gms:play-services-maps:11.2.2] AndroidManifest.xml:21:52-75
activity#com.google.android.gms.common.api.GoogleApiActivity
ADDED from [com.google.android.gms:play-services-base:11.2.2] AndroidManifest.xml:19:9-172
	android:exported
		ADDED from [com.google.android.gms:play-services-base:11.2.2] AndroidManifest.xml:19:146-170
	android:theme
		ADDED from [com.google.android.gms:play-services-base:11.2.2] AndroidManifest.xml:19:86-145
	android:name
		ADDED from [com.google.android.gms:play-services-base:11.2.2] AndroidManifest.xml:19:19-85
meta-data#com.google.android.gms.version
ADDED from [com.google.android.gms:play-services-basement:11.2.2] AndroidManifest.xml:20:9-121
	android:value
		ADDED from [com.google.android.gms:play-services-basement:11.2.2] AndroidManifest.xml:20:66-119
	android:name
		ADDED from [com.google.android.gms:play-services-basement:11.2.2] AndroidManifest.xml:20:20-65
meta-data#android.support.VERSION
ADDED from [com.android.support:design:26.0.0-alpha1] AndroidManifest.xml:25:5-27:41
MERGED from [com.android.support:appcompat-v7:26.0.0-alpha1] AndroidManifest.xml:25:5-27:41
MERGED from [com.android.support:animated-vector-drawable:26.0.0-alpha1] AndroidManifest.xml:22:5-24:41
MERGED from [com.android.support:support-vector-drawable:26.0.0-alpha1] AndroidManifest.xml:22:5-24:41
MERGED from [com.android.support:recyclerview-v7:26.0.0-alpha1] AndroidManifest.xml:22:5-24:41
MERGED from [com.android.support:transition:26.0.0-alpha1] AndroidManifest.xml:22:5-24:41
MERGED from [com.android.support:support-v4:26.0.0-alpha1] AndroidManifest.xml:25:5-27:41
MERGED from [com.android.support:support-media-compat:26.0.0-alpha1] AndroidManifest.xml:25:5-27:41
MERGED from [com.android.support:support-fragment:26.0.0-alpha1] AndroidManifest.xml:25:5-27:41
MERGED from [com.android.support:support-core-ui:26.0.0-alpha1] AndroidManifest.xml:25:5-27:41
MERGED from [com.android.support:support-core-utils:26.0.0-alpha1] AndroidManifest.xml:25:5-27:41
MERGED from [com.android.support:support-compat:26.0.0-alpha1] AndroidManifest.xml:25:5-27:41
	android:value
		ADDED from [com.android.support:design:26.0.0-alpha1] AndroidManifest.xml:27:9-38
	android:name
		ADDED from [com.android.support:design:26.0.0-alpha1] AndroidManifest.xml:26:9-47
activity#com.telerik.widget.feedback.SendFeedbackActivity
ADDED from [:Feedback-2017.1.1221-dev-release:] AndroidManifest.xml:12:9-16:20
	android:label
		ADDED from [:Feedback-2017.1.1221-dev-release:] AndroidManifest.xml:14:13-65
	android:theme
		ADDED from [:Feedback-2017.1.1221-dev-release:] AndroidManifest.xml:15:13-50
	android:name
		ADDED from [:Feedback-2017.1.1221-dev-release:] AndroidManifest.xml:13:13-76
activity#com.telerik.widget.feedback.ViewFeedbackActivity
ADDED from [:Feedback-2017.1.1221-dev-release:] AndroidManifest.xml:17:9-21:20
	android:label
		ADDED from [:Feedback-2017.1.1221-dev-release:] AndroidManifest.xml:19:13-65
	android:theme
		ADDED from [:Feedback-2017.1.1221-dev-release:] AndroidManifest.xml:20:13-50
	android:name
		ADDED from [:Feedback-2017.1.1221-dev-release:] AndroidManifest.xml:18:13-76
activity#com.telerik.widget.feedback.ViewFeedbackItemActivity
ADDED from [:Feedback-2017.1.1221-dev-release:] AndroidManifest.xml:22:9-26:20
	android:label
		ADDED from [:Feedback-2017.1.1221-dev-release:] AndroidManifest.xml:24:13-65
	android:theme
		ADDED from [:Feedback-2017.1.1221-dev-release:] AndroidManifest.xml:25:13-50
	android:name
		ADDED from [:Feedback-2017.1.1221-dev-release:] AndroidManifest.xml:23:13-80
activity#com.telerik.widget.feedback.EditDetailsActivity
ADDED from [:Feedback-2017.1.1221-dev-release:] AndroidManifest.xml:27:9-31:20
	android:label
		ADDED from [:Feedback-2017.1.1221-dev-release:] AndroidManifest.xml:29:13-64
	android:theme
		ADDED from [:Feedback-2017.1.1221-dev-release:] AndroidManifest.xml:30:13-50
	android:name
		ADDED from [:Feedback-2017.1.1221-dev-release:] AndroidManifest.xml:28:13-75